<?xml version="1.0" encoding="UTF-8"?>
<coverage generated="1523649505953" clover="3.2.0">
  <project timestamp="1523649505954" name="All files">
    <metrics statements="67" coveredstatements="67" conditionals="49" coveredconditionals="44" methods="12" coveredmethods="12" elements="128" coveredelements="123" complexity="0" loc="67" ncloc="67" packages="2" files="6" classes="6">
      <package name="src">
        <metrics statements="65" coveredstatements="65" conditionals="49" coveredconditionals="44" methods="12" coveredmethods="12"/>
        <file name="add-fn.js" path="/Users/rafamel/Dev/contribute/modules/joi-add/src/add-fn.js">
          <metrics statements="13" coveredstatements="13" conditionals="12" coveredconditionals="12" methods="2" coveredmethods="2"/>
          <line num="1" count="4" type="stmt"/>
          <line num="2" count="54" type="stmt"/>
          <line num="3" count="7" type="stmt"/>
          <line num="6" count="7" type="cond" truecount="2" falsecount="0"/>
          <line num="10" count="5" type="cond" truecount="2" falsecount="0"/>
          <line num="11" count="2" type="stmt"/>
          <line num="13" count="2" type="cond" truecount="2" falsecount="0"/>
          <line num="15" count="3" type="stmt"/>
          <line num="16" count="3" type="cond" truecount="2" falsecount="0"/>
          <line num="18" count="5" type="stmt"/>
          <line num="24" count="5" type="cond" truecount="2" falsecount="0"/>
          <line num="25" count="5" type="cond" truecount="2" falsecount="0"/>
          <line num="26" count="5" type="stmt"/>
        </file>
        <file name="add.js" path="/Users/rafamel/Dev/contribute/modules/joi-add/src/add.js">
          <metrics statements="27" coveredstatements="27" conditionals="22" coveredconditionals="17" methods="2" coveredmethods="2"/>
          <line num="1" count="4" type="stmt"/>
          <line num="2" count="4" type="stmt"/>
          <line num="3" count="4" type="stmt"/>
          <line num="5" count="4" type="stmt"/>
          <line num="6" count="42" type="stmt"/>
          <line num="8" count="31" type="stmt"/>
          <line num="9" count="31" type="cond" truecount="2" falsecount="0"/>
          <line num="10" count="22" type="cond" truecount="2" falsecount="0"/>
          <line num="11" count="22" type="stmt"/>
          <line num="20" count="28" type="stmt"/>
          <line num="21" count="28" type="stmt"/>
          <line num="22" count="28" type="cond" truecount="1" falsecount="1"/>
          <line num="23" count="28" type="stmt"/>
          <line num="26" count="28" type="stmt"/>
          <line num="28" count="28" type="cond" truecount="2" falsecount="0"/>
          <line num="31" count="17" type="stmt"/>
          <line num="32" count="17" type="stmt"/>
          <line num="33" count="17" type="stmt"/>
          <line num="41" count="17" type="cond" truecount="2" falsecount="2"/>
          <line num="44" count="17" type="cond" truecount="3" falsecount="1"/>
          <line num="45" count="17" type="cond" truecount="2" falsecount="0"/>
          <line num="46" count="17" type="stmt"/>
          <line num="49" count="17" type="cond" truecount="2" falsecount="0"/>
          <line num="50" count="1" type="stmt"/>
          <line num="51" count="1" type="stmt"/>
          <line num="54" count="17" type="stmt"/>
          <line num="56" count="11" type="stmt"/>
        </file>
        <file name="config.js" path="/Users/rafamel/Dev/contribute/modules/joi-add/src/config.js">
          <metrics statements="1" coveredstatements="1" conditionals="0" coveredconditionals="0" methods="0" coveredmethods="0"/>
          <line num="1" count="5" type="stmt"/>
        </file>
        <file name="index.js" path="/Users/rafamel/Dev/contribute/modules/joi-add/src/index.js">
          <metrics statements="14" coveredstatements="14" conditionals="7" coveredconditionals="7" methods="4" coveredmethods="4"/>
          <line num="1" count="4" type="stmt"/>
          <line num="2" count="4" type="stmt"/>
          <line num="3" count="4" type="stmt"/>
          <line num="4" count="4" type="stmt"/>
          <line num="7" count="7" type="stmt"/>
          <line num="8" count="43" type="stmt"/>
          <line num="29" count="6" type="stmt"/>
          <line num="30" count="54" type="stmt"/>
          <line num="67" count="6" type="stmt"/>
          <line num="71" count="4" type="cond" truecount="1" falsecount="0"/>
          <line num="72" count="11" type="cond" truecount="4" falsecount="0"/>
          <line num="74" count="7" type="stmt"/>
          <line num="75" count="6" type="cond" truecount="2" falsecount="0"/>
          <line num="76" count="6" type="stmt"/>
        </file>
        <file name="label-error.js" path="/Users/rafamel/Dev/contribute/modules/joi-add/src/label-error.js">
          <metrics statements="10" coveredstatements="10" conditionals="8" coveredconditionals="8" methods="4" coveredmethods="4"/>
          <line num="2" count="9" type="stmt"/>
          <line num="3" count="9" type="cond" truecount="2" falsecount="0"/>
          <line num="4" count="8" type="stmt"/>
          <line num="5" count="8" type="cond" truecount="4" falsecount="0"/>
          <line num="6" count="7" type="stmt"/>
          <line num="10" count="9" type="cond" truecount="2" falsecount="0"/>
          <line num="13" count="4" type="stmt"/>
          <line num="15" count="19" type="stmt"/>
          <line num="16" count="19" type="stmt"/>
          <line num="19" count="13" type="stmt"/>
        </file>
      </package>
      <package name="test._setup">
        <metrics statements="2" coveredstatements="2" conditionals="0" coveredconditionals="0" methods="0" coveredmethods="0"/>
        <file name="persistence.js" path="/Users/rafamel/Dev/contribute/modules/joi-add/test/_setup/persistence.js">
          <metrics statements="2" coveredstatements="2" conditionals="0" coveredconditionals="0" methods="0" coveredmethods="0"/>
          <line num="1" count="1" type="stmt"/>
          <line num="2" count="1" type="stmt"/>
        </file>
      </package>
    </metrics>
  </project>
</coverage>
