{"/Users/rafamel/Dev/contribute/modules/joi-add/src/add-fn.js": {"path":"/Users/rafamel/Dev/contribute/modules/joi-add/src/add-fn.js","statementMap":{"0":{"start":{"line":1,"column":0},"end":{"line":28,"column":2}},"1":{"start":{"line":2,"column":2},"end":{"line":27,"column":4}},"2":{"start":{"line":3,"column":16},"end":{"line":3,"column":50}},"3":{"start":{"line":6,"column":4},"end":{"line":6,"column":26}},"4":{"start":{"line":6,"column":13},"end":{"line":6,"column":26}},"5":{"start":{"line":10,"column":4},"end":{"line":17,"column":5}},"6":{"start":{"line":11,"column":6},"end":{"line":11,"column":31}},"7":{"start":{"line":13,"column":6},"end":{"line":13,"column":62}},"8":{"start":{"line":15,"column":6},"end":{"line":15,"column":30}},"9":{"start":{"line":16,"column":6},"end":{"line":16,"column":36}},"10":{"start":{"line":18,"column":18},"end":{"line":23,"column":5}},"11":{"start":{"line":24,"column":4},"end":{"line":24,"column":56}},"12":{"start":{"line":24,"column":24},"end":{"line":24,"column":56}},"13":{"start":{"line":25,"column":4},"end":{"line":25,"column":39}},"14":{"start":{"line":25,"column":15},"end":{"line":25,"column":39}},"15":{"start":{"line":26,"column":4},"end":{"line":26,"column":17}}},"fnMap":{"0":{"name":"(anonymous_0)","decl":{"start":{"line":1,"column":17},"end":{"line":1,"column":18}},"loc":{"start":{"line":1,"column":37},"end":{"line":28,"column":1}},"line":1},"1":{"name":"validate","decl":{"start":{"line":2,"column":18},"end":{"line":2,"column":26}},"loc":{"start":{"line":2,"column":58},"end":{"line":27,"column":3}},"line":2}},"branchMap":{"0":{"loc":{"start":{"line":6,"column":4},"end":{"line":6,"column":26}},"type":"if","locations":[{"start":{"line":6,"column":4},"end":{"line":6,"column":26}},{"start":{"line":6,"column":4},"end":{"line":6,"column":26}}],"line":6},"1":{"loc":{"start":{"line":10,"column":4},"end":{"line":17,"column":5}},"type":"if","locations":[{"start":{"line":10,"column":4},"end":{"line":17,"column":5}},{"start":{"line":10,"column":4},"end":{"line":17,"column":5}}],"line":10},"2":{"loc":{"start":{"line":13,"column":14},"end":{"line":13,"column":61}},"type":"cond-expr","locations":[{"start":{"line":13,"column":42},"end":{"line":13,"column":46}},{"start":{"line":13,"column":49},"end":{"line":13,"column":61}}],"line":13},"3":{"loc":{"start":{"line":16,"column":14},"end":{"line":16,"column":35}},"type":"binary-expr","locations":[{"start":{"line":16,"column":14},"end":{"line":16,"column":26}},{"start":{"line":16,"column":30},"end":{"line":16,"column":35}}],"line":16},"4":{"loc":{"start":{"line":24,"column":4},"end":{"line":24,"column":56}},"type":"if","locations":[{"start":{"line":24,"column":4},"end":{"line":24,"column":56}},{"start":{"line":24,"column":4},"end":{"line":24,"column":56}}],"line":24},"5":{"loc":{"start":{"line":25,"column":4},"end":{"line":25,"column":39}},"type":"if","locations":[{"start":{"line":25,"column":4},"end":{"line":25,"column":39}},{"start":{"line":25,"column":4},"end":{"line":25,"column":39}}],"line":25}},"s":{"0":4,"1":54,"2":7,"3":7,"4":2,"5":5,"6":2,"7":2,"8":3,"9":3,"10":5,"11":5,"12":2,"13":5,"14":2,"15":5},"f":{"0":54,"1":7},"b":{"0":[2,5],"1":[2,3],"2":[1,1],"3":[3,2],"4":[2,3],"5":[2,3]},"_coverageSchema":"332fd63041d2c1bcb487cc26dd0d5f7d97098a6c","hash":"7016489b5ca45fa8a24987ac768265cc720d3d5e"}
,"/Users/rafamel/Dev/contribute/modules/joi-add/src/add.js": {"path":"/Users/rafamel/Dev/contribute/modules/joi-add/src/add.js","statementMap":{"0":{"start":{"line":1,"column":18},"end":{"line":1,"column":45}},"1":{"start":{"line":2,"column":14},"end":{"line":2,"column":37}},"2":{"start":{"line":3,"column":15},"end":{"line":3,"column":34}},"3":{"start":{"line":5,"column":0},"end":{"line":58,"column":2}},"4":{"start":{"line":6,"column":2},"end":{"line":57,"column":4}},"5":{"start":{"line":8,"column":17},"end":{"line":8,"column":30}},"6":{"start":{"line":9,"column":4},"end":{"line":16,"column":5}},"7":{"start":{"line":10,"column":6},"end":{"line":10,"column":41}},"8":{"start":{"line":11,"column":6},"end":{"line":15,"column":8}},"9":{"start":{"line":20,"column":17},"end":{"line":20,"column":35}},"10":{"start":{"line":21,"column":4},"end":{"line":21,"column":27}},"11":{"start":{"line":22,"column":4},"end":{"line":22,"column":43}},"12":{"start":{"line":22,"column":24},"end":{"line":22,"column":43}},"13":{"start":{"line":23,"column":4},"end":{"line":23,"column":27}},"14":{"start":{"line":26,"column":16},"end":{"line":26,"column":49}},"15":{"start":{"line":28,"column":4},"end":{"line":55,"column":5}},"16":{"start":{"line":31,"column":18},"end":{"line":31,"column":20}},"17":{"start":{"line":32,"column":6},"end":{"line":32,"column":37}},"18":{"start":{"line":33,"column":6},"end":{"line":38,"column":8}},"19":{"start":{"line":41,"column":6},"end":{"line":41,"column":69}},"20":{"start":{"line":44,"column":24},"end":{"line":44,"column":79}},"21":{"start":{"line":45,"column":6},"end":{"line":45,"column":76}},"22":{"start":{"line":45,"column":47},"end":{"line":45,"column":76}},"23":{"start":{"line":46,"column":6},"end":{"line":46,"column":64}},"24":{"start":{"line":49,"column":6},"end":{"line":52,"column":7}},"25":{"start":{"line":50,"column":8},"end":{"line":50,"column":41}},"26":{"start":{"line":51,"column":8},"end":{"line":51,"column":42}},"27":{"start":{"line":54,"column":6},"end":{"line":54,"column":21}},"28":{"start":{"line":56,"column":4},"end":{"line":56,"column":21}}},"fnMap":{"0":{"name":"(anonymous_0)","decl":{"start":{"line":5,"column":17},"end":{"line":5,"column":18}},"loc":{"start":{"line":5,"column":37},"end":{"line":58,"column":1}},"line":5},"1":{"name":"validate","decl":{"start":{"line":6,"column":18},"end":{"line":6,"column":26}},"loc":{"start":{"line":6,"column":58},"end":{"line":57,"column":3}},"line":6}},"branchMap":{"0":{"loc":{"start":{"line":9,"column":4},"end":{"line":16,"column":5}},"type":"if","locations":[{"start":{"line":9,"column":4},"end":{"line":16,"column":5}},{"start":{"line":9,"column":4},"end":{"line":16,"column":5}}],"line":9},"1":{"loc":{"start":{"line":10,"column":15},"end":{"line":10,"column":40}},"type":"binary-expr","locations":[{"start":{"line":10,"column":15},"end":{"line":10,"column":34}},{"start":{"line":10,"column":38},"end":{"line":10,"column":40}}],"line":10},"2":{"loc":{"start":{"line":22,"column":4},"end":{"line":22,"column":43}},"type":"if","locations":[{"start":{"line":22,"column":4},"end":{"line":22,"column":43}},{"start":{"line":22,"column":4},"end":{"line":22,"column":43}}],"line":22},"3":{"loc":{"start":{"line":28,"column":4},"end":{"line":55,"column":5}},"type":"if","locations":[{"start":{"line":28,"column":4},"end":{"line":55,"column":5}},{"start":{"line":28,"column":4},"end":{"line":55,"column":5}}],"line":28},"4":{"loc":{"start":{"line":34,"column":8},"end":{"line":34,"column":66}},"type":"cond-expr","locations":[{"start":{"line":34,"column":38},"end":{"line":34,"column":50}},{"start":{"line":34,"column":53},"end":{"line":34,"column":66}}],"line":34},"5":{"loc":{"start":{"line":41,"column":22},"end":{"line":41,"column":40}},"type":"binary-expr","locations":[{"start":{"line":41,"column":22},"end":{"line":41,"column":34}},{"start":{"line":41,"column":38},"end":{"line":41,"column":40}}],"line":41},"6":{"loc":{"start":{"line":41,"column":49},"end":{"line":41,"column":67}},"type":"binary-expr","locations":[{"start":{"line":41,"column":49},"end":{"line":41,"column":61}},{"start":{"line":41,"column":65},"end":{"line":41,"column":67}}],"line":41},"7":{"loc":{"start":{"line":44,"column":24},"end":{"line":44,"column":79}},"type":"cond-expr","locations":[{"start":{"line":44,"column":40},"end":{"line":44,"column":69}},{"start":{"line":44,"column":72},"end":{"line":44,"column":79}}],"line":44},"8":{"loc":{"start":{"line":44,"column":40},"end":{"line":44,"column":69}},"type":"binary-expr","locations":[{"start":{"line":44,"column":40},"end":{"line":44,"column":58}},{"start":{"line":44,"column":62},"end":{"line":44,"column":69}}],"line":44},"9":{"loc":{"start":{"line":45,"column":6},"end":{"line":45,"column":76}},"type":"if","locations":[{"start":{"line":45,"column":6},"end":{"line":45,"column":76}},{"start":{"line":45,"column":6},"end":{"line":45,"column":76}}],"line":45},"10":{"loc":{"start":{"line":49,"column":6},"end":{"line":52,"column":7}},"type":"if","locations":[{"start":{"line":49,"column":6},"end":{"line":52,"column":7}},{"start":{"line":49,"column":6},"end":{"line":52,"column":7}}],"line":49}},"s":{"0":4,"1":4,"2":4,"3":4,"4":42,"5":31,"6":31,"7":22,"8":22,"9":28,"10":28,"11":28,"12":0,"13":28,"14":28,"15":28,"16":17,"17":17,"18":17,"19":17,"20":17,"21":17,"22":11,"23":17,"24":17,"25":1,"26":1,"27":17,"28":11},"f":{"0":42,"1":31},"b":{"0":[22,9],"1":[22,2],"2":[0,28],"3":[17,11],"4":[0,17],"5":[17,0],"6":[17,0],"7":[17,0],"8":[17,15],"9":[11,6],"10":[1,16]},"_coverageSchema":"332fd63041d2c1bcb487cc26dd0d5f7d97098a6c","hash":"6bcf936c00b70b8a41e1de895226c27cda39435f"}
,"/Users/rafamel/Dev/contribute/modules/joi-add/src/config.js": {"path":"/Users/rafamel/Dev/contribute/modules/joi-add/src/config.js","statementMap":{"0":{"start":{"line":1,"column":0},"end":{"line":17,"column":2}}},"fnMap":{},"branchMap":{},"s":{"0":5},"f":{},"b":{},"_coverageSchema":"332fd63041d2c1bcb487cc26dd0d5f7d97098a6c","hash":"ffec5b5d7304f27e17aceaad48b8148840d218ec"}
,"/Users/rafamel/Dev/contribute/modules/joi-add/src/index.js": {"path":"/Users/rafamel/Dev/contribute/modules/joi-add/src/index.js","statementMap":{"0":{"start":{"line":1,"column":15},"end":{"line":1,"column":34}},"1":{"start":{"line":2,"column":12},"end":{"line":2,"column":28}},"2":{"start":{"line":3,"column":14},"end":{"line":3,"column":33}},"3":{"start":{"line":4,"column":30},"end":{"line":4,"column":54}},"4":{"start":{"line":7,"column":2},"end":{"line":28,"column":3}},"5":{"start":{"line":8,"column":4},"end":{"line":27,"column":8}},"6":{"start":{"line":8,"column":31},"end":{"line":27,"column":5}},"7":{"start":{"line":29,"column":2},"end":{"line":65,"column":3}},"8":{"start":{"line":30,"column":4},"end":{"line":64,"column":8}},"9":{"start":{"line":30,"column":31},"end":{"line":64,"column":5}},"10":{"start":{"line":67,"column":2},"end":{"line":67,"column":13}},"11":{"start":{"line":71,"column":0},"end":{"line":77,"column":2}},"12":{"start":{"line":72,"column":2},"end":{"line":72,"column":44}},"13":{"start":{"line":72,"column":26},"end":{"line":72,"column":44}},"14":{"start":{"line":74,"column":14},"end":{"line":74,"column":28}},"15":{"start":{"line":75,"column":2},"end":{"line":75,"column":41}},"16":{"start":{"line":76,"column":2},"end":{"line":76,"column":13}}},"fnMap":{"0":{"name":"extendJoi","decl":{"start":{"line":6,"column":9},"end":{"line":6,"column":18}},"loc":{"start":{"line":6,"column":24},"end":{"line":68,"column":1}},"line":6},"1":{"name":"(anonymous_1)","decl":{"start":{"line":8,"column":21},"end":{"line":8,"column":22}},"loc":{"start":{"line":8,"column":31},"end":{"line":27,"column":5}},"line":8},"2":{"name":"(anonymous_2)","decl":{"start":{"line":30,"column":21},"end":{"line":30,"column":22}},"loc":{"start":{"line":30,"column":31},"end":{"line":64,"column":5}},"line":30},"3":{"name":"(anonymous_3)","decl":{"start":{"line":71,"column":17},"end":{"line":71,"column":18}},"loc":{"start":{"line":71,"column":47},"end":{"line":77,"column":1}},"line":71}},"branchMap":{"0":{"loc":{"start":{"line":71,"column":31},"end":{"line":71,"column":45}},"type":"default-arg","locations":[{"start":{"line":71,"column":41},"end":{"line":71,"column":45}}],"line":71},"1":{"loc":{"start":{"line":72,"column":2},"end":{"line":72,"column":44}},"type":"if","locations":[{"start":{"line":72,"column":2},"end":{"line":72,"column":44}},{"start":{"line":72,"column":2},"end":{"line":72,"column":44}}],"line":72},"2":{"loc":{"start":{"line":72,"column":6},"end":{"line":72,"column":24}},"type":"binary-expr","locations":[{"start":{"line":72,"column":6},"end":{"line":72,"column":10}},{"start":{"line":72,"column":14},"end":{"line":72,"column":24}}],"line":72},"3":{"loc":{"start":{"line":75,"column":15},"end":{"line":75,"column":40}},"type":"cond-expr","locations":[{"start":{"line":75,"column":25},"end":{"line":75,"column":28}},{"start":{"line":75,"column":31},"end":{"line":75,"column":40}}],"line":75}},"s":{"0":4,"1":4,"2":4,"3":4,"4":7,"5":43,"6":42,"7":6,"8":54,"9":54,"10":6,"11":4,"12":11,"13":4,"14":7,"15":6,"16":6},"f":{"0":7,"1":42,"2":54,"3":11},"b":{"0":[9],"1":[4,7],"2":[11,5],"3":[5,1]},"_coverageSchema":"332fd63041d2c1bcb487cc26dd0d5f7d97098a6c","hash":"54fab2c112b2997bb883418e564e41ff37b6fc86"}
,"/Users/rafamel/Dev/contribute/modules/joi-add/src/label-error.js": {"path":"/Users/rafamel/Dev/contribute/modules/joi-add/src/label-error.js","statementMap":{"0":{"start":{"line":2,"column":19},"end":{"line":2,"column":39}},"1":{"start":{"line":3,"column":2},"end":{"line":9,"column":3}},"2":{"start":{"line":4,"column":4},"end":{"line":8,"column":7}},"3":{"start":{"line":5,"column":6},"end":{"line":7,"column":7}},"4":{"start":{"line":6,"column":8},"end":{"line":6,"column":40}},"5":{"start":{"line":10,"column":2},"end":{"line":10,"column":30}},"6":{"start":{"line":13,"column":0},"end":{"line":21,"column":2}},"7":{"start":{"line":15,"column":4},"end":{"line":15,"column":40}},"8":{"start":{"line":16,"column":4},"end":{"line":16,"column":74}},"9":{"start":{"line":16,"column":52},"end":{"line":16,"column":72}},"10":{"start":{"line":19,"column":4},"end":{"line":19,"column":65}},"11":{"start":{"line":19,"column":32},"end":{"line":19,"column":63}}},"fnMap":{"0":{"name":"run","decl":{"start":{"line":1,"column":9},"end":{"line":1,"column":12}},"loc":{"start":{"line":1,"column":23},"end":{"line":11,"column":1}},"line":1},"1":{"name":"(anonymous_1)","decl":{"start":{"line":4,"column":17},"end":{"line":4,"column":18}},"loc":{"start":{"line":4,"column":26},"end":{"line":8,"column":5}},"line":4},"2":{"name":"(anonymous_2)","decl":{"start":{"line":16,"column":42},"end":{"line":16,"column":43}},"loc":{"start":{"line":16,"column":52},"end":{"line":16,"column":72}},"line":16},"3":{"name":"(anonymous_3)","decl":{"start":{"line":19,"column":22},"end":{"line":19,"column":23}},"loc":{"start":{"line":19,"column":32},"end":{"line":19,"column":63}},"line":19}},"branchMap":{"0":{"loc":{"start":{"line":3,"column":2},"end":{"line":9,"column":3}},"type":"if","locations":[{"start":{"line":3,"column":2},"end":{"line":9,"column":3}},{"start":{"line":3,"column":2},"end":{"line":9,"column":3}}],"line":3},"1":{"loc":{"start":{"line":5,"column":6},"end":{"line":7,"column":7}},"type":"if","locations":[{"start":{"line":5,"column":6},"end":{"line":7,"column":7}},{"start":{"line":5,"column":6},"end":{"line":7,"column":7}}],"line":5},"2":{"loc":{"start":{"line":5,"column":10},"end":{"line":5,"column":73}},"type":"binary-expr","locations":[{"start":{"line":5,"column":10},"end":{"line":5,"column":39}},{"start":{"line":5,"column":43},"end":{"line":5,"column":73}}],"line":5},"3":{"loc":{"start":{"line":10,"column":9},"end":{"line":10,"column":29}},"type":"cond-expr","locations":[{"start":{"line":10,"column":14},"end":{"line":10,"column":22}},{"start":{"line":10,"column":25},"end":{"line":10,"column":29}}],"line":10}},"s":{"0":9,"1":9,"2":8,"3":8,"4":7,"5":9,"6":4,"7":19,"8":19,"9":6,"10":13,"11":3},"f":{"0":9,"1":8,"2":6,"3":3},"b":{"0":[8,1],"1":[7,1],"2":[8,8],"3":[3,6]},"_coverageSchema":"332fd63041d2c1bcb487cc26dd0d5f7d97098a6c","hash":"9a9b98f7b64952581d587ddbd7aefd0202c802f6"}
,"/Users/rafamel/Dev/contribute/modules/joi-add/test/_setup/persistence.js": {"path":"/Users/rafamel/Dev/contribute/modules/joi-add/test/_setup/persistence.js","statementMap":{"0":{"start":{"line":1,"column":16},"end":{"line":1,"column":30}},"1":{"start":{"line":2,"column":0},"end":{"line":2,"column":30}}},"fnMap":{},"branchMap":{},"s":{"0":1,"1":1},"f":{},"b":{},"_coverageSchema":"332fd63041d2c1bcb487cc26dd0d5f7d97098a6c","hash":"6523085f8c6f6d03b5fa6186330aaf801abbf018"}
}
