TN:
SF:/Users/rafamel/Dev/contribute/modules/joi-add/src/add-fn.js
FN:1,(anonymous_0)
FN:2,validate
FNF:2
FNH:2
FNDA:54,(anonymous_0)
FNDA:7,validate
DA:1,4
DA:2,54
DA:3,7
DA:6,7
DA:10,5
DA:11,2
DA:13,2
DA:15,3
DA:16,3
DA:18,5
DA:24,5
DA:25,5
DA:26,5
LF:13
LH:13
BRDA:6,0,0,2
BRDA:6,0,1,5
BRDA:10,1,0,2
BRDA:10,1,1,3
BRDA:13,2,0,1
BRDA:13,2,1,1
BRDA:16,3,0,3
BRDA:16,3,1,2
BRDA:24,4,0,2
BRDA:24,4,1,3
BRDA:25,5,0,2
BRDA:25,5,1,3
BRF:12
BRH:12
end_of_record
TN:
SF:/Users/rafamel/Dev/contribute/modules/joi-add/src/add.js
FN:5,(anonymous_0)
FN:6,validate
FNF:2
FNH:2
FNDA:42,(anonymous_0)
FNDA:31,validate
DA:1,4
DA:2,4
DA:3,4
DA:5,4
DA:6,42
DA:8,31
DA:9,31
DA:10,22
DA:11,22
DA:20,28
DA:21,28
DA:22,28
DA:23,28
DA:26,28
DA:28,28
DA:31,17
DA:32,17
DA:33,17
DA:41,17
DA:44,17
DA:45,17
DA:46,17
DA:49,17
DA:50,1
DA:51,1
DA:54,17
DA:56,11
LF:27
LH:27
BRDA:9,0,0,22
BRDA:9,0,1,9
BRDA:10,1,0,22
BRDA:10,1,1,2
BRDA:22,2,0,0
BRDA:22,2,1,28
BRDA:28,3,0,17
BRDA:28,3,1,11
BRDA:34,4,0,0
BRDA:34,4,1,17
BRDA:41,5,0,17
BRDA:41,5,1,0
BRDA:41,6,0,17
BRDA:41,6,1,0
BRDA:44,7,0,17
BRDA:44,7,1,0
BRDA:44,8,0,17
BRDA:44,8,1,15
BRDA:45,9,0,11
BRDA:45,9,1,6
BRDA:49,10,0,1
BRDA:49,10,1,16
BRF:22
BRH:17
end_of_record
TN:
SF:/Users/rafamel/Dev/contribute/modules/joi-add/src/config.js
FNF:0
FNH:0
DA:1,5
LF:1
LH:1
BRF:0
BRH:0
end_of_record
TN:
SF:/Users/rafamel/Dev/contribute/modules/joi-add/src/index.js
FN:6,extendJoi
FN:8,(anonymous_1)
FN:30,(anonymous_2)
FN:71,(anonymous_3)
FNF:4
FNH:4
FNDA:7,extendJoi
FNDA:42,(anonymous_1)
FNDA:54,(anonymous_2)
FNDA:11,(anonymous_3)
DA:1,4
DA:2,4
DA:3,4
DA:4,4
DA:7,7
DA:8,43
DA:29,6
DA:30,54
DA:67,6
DA:71,4
DA:72,11
DA:74,7
DA:75,6
DA:76,6
LF:14
LH:14
BRDA:71,0,0,9
BRDA:72,1,0,4
BRDA:72,1,1,7
BRDA:72,2,0,11
BRDA:72,2,1,5
BRDA:75,3,0,5
BRDA:75,3,1,1
BRF:7
BRH:7
end_of_record
TN:
SF:/Users/rafamel/Dev/contribute/modules/joi-add/src/label-error.js
FN:1,run
FN:4,(anonymous_1)
FN:16,(anonymous_2)
FN:19,(anonymous_3)
FNF:4
FNH:4
FNDA:9,run
FNDA:8,(anonymous_1)
FNDA:6,(anonymous_2)
FNDA:3,(anonymous_3)
DA:2,9
DA:3,9
DA:4,8
DA:5,8
DA:6,7
DA:10,9
DA:13,4
DA:15,19
DA:16,19
DA:19,13
LF:10
LH:10
BRDA:3,0,0,8
BRDA:3,0,1,1
BRDA:5,1,0,7
BRDA:5,1,1,1
BRDA:5,2,0,8
BRDA:5,2,1,8
BRDA:10,3,0,3
BRDA:10,3,1,6
BRF:8
BRH:8
end_of_record
TN:
SF:/Users/rafamel/Dev/contribute/modules/joi-add/test/_setup/persistence.js
FNF:0
FNH:0
DA:1,1
DA:2,1
LF:2
LH:2
BRF:0
BRH:0
end_of_record
